<?xml version="1.0" encoding="UTF-8"?>
<!-- Generated by org.testng.reporters.JUnitReportReporter -->
<testsuite hostname="LAPTOP-4Q2ST2GD" failures="0" tests="1" name="com.Actitime.Testscripts.CreateCustomerTest" time="0.006" errors="0" timestamp="2023-01-23T20:20:58 IST" skipped="0">
  <testcase classname="com.Actitime.Testscripts.CreateCustomerTest" name="createcustomer" time="0.006"/>
  <system-out>
    <![CDATA[customer created]]>
  </system-out>
</testsuite> <!-- com.Actitime.Testscripts.CreateCustomerTest -->
