<?xml version="1.0" encoding="UTF-8"?>
<!-- Generated by org.testng.reporters.JUnitReportReporter -->
<testsuite hostname="LAPTOP-4Q2ST2GD" failures="0" tests="1" name="com.Actitime.Testscripts.CreateCustomer" time="3.739" errors="0" timestamp="2023-01-19T20:48:42 IST" skipped="0">
  <testcase classname="com.Actitime.Testscripts.CreateCustomer" name="createcustomer" time="3.739"/>
  <system-out>
    <![CDATA[customer created]]>
  </system-out>
</testsuite> <!-- com.Actitime.Testscripts.CreateCustomer -->
